<?xml version="1.0" encoding="UTF-8"?>
<!-- Generated by org.testng.reporters.JUnitReportReporter -->
<testsuite hostname="ETC1304235" failures="0" tests="2" name="com.excelr.browserstack.TestNG23" time="0.016" errors="0" timestamp="09 Dec 2022 07:50:59 GMT" skipped="0">
  <testcase classname="com.excelr.browserstack.TestNG23" name="positiveCredentails2" time="0.006"/>
  <testcase classname="com.excelr.browserstack.TestNG23" name="positiveCredentails1" time="0.010"/>
</testsuite> <!-- com.excelr.browserstack.TestNG23 -->
