<?xml version="1.0" encoding="UTF-8"?>
<!-- Generated by org.testng.reporters.JUnitReportReporter -->
<testsuite hostname="ETC1304235" failures="0" tests="4" name="com.excelr.browserstack.TestNG22" time="0.079" errors="0" timestamp="09 Dec 2022 05:06:14 GMT" skipped="0">
  <testcase classname="com.excelr.browserstack.TestNG22" name="testCase7" time="0.009"/>
  <testcase classname="com.excelr.browserstack.TestNG22" name="testCase3" time="0.048"/>
  <testcase classname="com.excelr.browserstack.TestNG22" name="testCase5" time="0.010"/>
  <testcase classname="com.excelr.browserstack.TestNG22" name="testCase9" time="0.012"/>
</testsuite> <!-- com.excelr.browserstack.TestNG22 -->
