<?xml version="1.0" encoding="UTF-8"?>
<!-- Generated by org.testng.reporters.JUnitReportReporter -->
<testsuite hostname="ETC1304235" failures="0" tests="1" name="com.excelr.browserstack.TestNG31_Parameterisation" time="28.498" errors="0" timestamp="11 Dec 2022 15:42:51 GMT" skipped="0">
  <testcase classname="com.excelr.browserstack.TestNG31_Parameterisation" name="positiveCredentialsBrowserStack1" time="28.498"/>
</testsuite> <!-- com.excelr.browserstack.TestNG31_Parameterisation -->
