<?xml version="1.0" encoding="UTF-8"?>
<!-- Generated by org.testng.reporters.JUnitReportReporter -->
<testsuite hostname="ETC1304235" failures="0" tests="3" name="com.excelr.browserstack.TestNG21" time="0.069" errors="0" timestamp="09 Dec 2022 04:59:50 GMT" skipped="0">
  <testcase classname="com.excelr.browserstack.TestNG21" name="testCase3" time="0.009"/>
  <testcase classname="com.excelr.browserstack.TestNG21" name="testCase1" time="0.042"/>
  <testcase classname="com.excelr.browserstack.TestNG21" name="testCase5" time="0.018"/>
</testsuite> <!-- com.excelr.browserstack.TestNG21 -->
