<?xml version="1.0" encoding="UTF-8"?>
<!-- Generated by org.testng.reporters.JUnitReportReporter -->
<testsuite hostname="ETC1304235" failures="0" tests="6" name="com.excelr.Google.GoogleTest" time="47.234" errors="0" timestamp="08 Dec 2022 14:45:39 GMT" skipped="0">
  <testcase classname="com.excelr.Google.GoogleTest" name="googleTitleTest" time="9.960"/>
  <testcase classname="com.excelr.Google.GoogleTest" name="googlelogoTest" time="10.975"/>
  <testcase classname="com.excelr.Google.GoogleTest" name="googlemaillinktest" time="4.786"/>
  <testcase classname="com.excelr.Google.GoogleTest" name="Test1" time="5.879"/>
  <testcase classname="com.excelr.Google.GoogleTest" name="Test2" time="7.897"/>
  <testcase classname="com.excelr.Google.GoogleTest" name="Test3" time="7.737"/>
</testsuite> <!-- com.excelr.Google.GoogleTest -->
