<?xml version="1.0" encoding="UTF-8"?>
<!-- Generated by org.testng.reporters.JUnitReportReporter -->
<testsuite hostname="ETC1304235" failures="0" tests="2" name="com.excelr.browserstack.TestNG2" time="0.030" errors="0" timestamp="07 Dec 2022 07:36:38 GMT" skipped="0">
  <testcase classname="com.excelr.browserstack.TestNG2" name="positiveCredentails1" time="0.013"/>
  <testcase classname="com.excelr.browserstack.TestNG2" name="positiveCredentails2" time="0.017"/>
</testsuite> <!-- com.excelr.browserstack.TestNG2 -->
