<?xml version="1.0" encoding="UTF-8"?>
<!-- Generated by org.testng.reporters.JUnitReportReporter -->
<testsuite hostname="ETC1304235" failures="0" tests="3" name="com.excelr.Google.InvocationCountTest" time="0.014" errors="0" timestamp="08 Dec 2022 14:55:40 GMT" skipped="0">
  <testcase classname="com.excelr.Google.InvocationCountTest" name="add" time="0.005"/>
  <testcase classname="com.excelr.Google.InvocationCountTest" name="add" time="0.005"/>
  <testcase classname="com.excelr.Google.InvocationCountTest" name="add" time="0.004"/>
</testsuite> <!-- com.excelr.Google.InvocationCountTest -->
