<?xml version="1.0" encoding="UTF-8"?>
<!-- Generated by org.testng.reporters.JUnitReportReporter -->
<testsuite hostname="ETC1304235" failures="0" tests="1" name="com.excelr.Google.ExpectedException" time="0.015" errors="0" timestamp="11 Dec 2022 15:21:51 GMT" skipped="0">
  <testcase classname="com.excelr.Google.ExpectedException" name="Test1" time="0.015"/>
</testsuite> <!-- com.excelr.Google.ExpectedException -->
