<?xml version="1.0" encoding="UTF-8"?>
<!-- Generated by org.testng.reporters.JUnitReportReporter -->
<testsuite hostname="ETC1304235" failures="0" tests="2" name="com.excelr.browserstack.TestNG1" time="45.899" errors="0" timestamp="07 Dec 2022 07:32:09 GMT" skipped="0">
  <testcase classname="com.excelr.browserstack.TestNG1" name="Credentails1" time="24.276"/>
  <testcase classname="com.excelr.browserstack.TestNG1" name="Credentails2" time="21.623"/>
</testsuite> <!-- com.excelr.browserstack.TestNG1 -->
