<?xml version="1.0" encoding="UTF-8"?>
<!-- Generated by org.testng.reporters.JUnitReportReporter -->
<testsuite hostname="ETC1304235" failures="0" tests="6" name="com.excelr.browserstack.TestNG24_Testtag" time="0.036" errors="0" timestamp="09 Dec 2022 08:00:33 GMT" skipped="0">
  <testcase classname="com.excelr.browserstack.TestNG24_Testtag" name="positiveCredentails1" time="0.008"/>
  <testcase classname="com.excelr.browserstack.TestNG24_Testtag" name="positiveCredentails1" time="0.006"/>
  <testcase classname="com.excelr.browserstack.TestNG24_Testtag" name="positiveCredentails2" time="0.005"/>
  <testcase classname="com.excelr.browserstack.TestNG24_Testtag" name="positiveCredentails1" time="0.006"/>
  <testcase classname="com.excelr.browserstack.TestNG24_Testtag" name="positiveCredentails2" time="0.003"/>
  <testcase classname="com.excelr.browserstack.TestNG24_Testtag" name="positiveCredentails2" time="0.008"/>
</testsuite> <!-- com.excelr.browserstack.TestNG24_Testtag -->
