<?xml version="1.0" encoding="UTF-8"?>
<!-- Generated by org.testng.reporters.JUnitReportReporter -->
<testsuite hostname="ETC1304235" failures="0" tests="1" name="com.excelr.Google.TestNGFeatures_dependsOn" time="0.012" errors="0" timestamp="08 Dec 2022 14:55:40 GMT" skipped="0">
  <testcase classname="com.excelr.Google.TestNGFeatures_dependsOn" name="loginTest" time="0.012"/>
</testsuite> <!-- com.excelr.Google.TestNGFeatures_dependsOn -->
